This file contains any messages produced by compilers while
running configure, to aid debugging if configure makes a mistake.

It was created by pet configure 0.11.1, which was
generated by GNU Autoconf 2.69.  Invocation command line was

  $ ./configure 

## --------- ##
## Platform. ##
## --------- ##

hostname = LAPTOP-DENBU3N0
uname -m = x86_64
uname -r = 4.4.0-17134-Microsoft
uname -s = Linux
uname -v = #345-Microsoft Wed Sep 19 17:47:00 PST 2018

/usr/bin/uname -p = unknown
/bin/uname -X     = unknown

/bin/arch              = unknown
/usr/bin/arch -k       = unknown
/usr/convex/getsysinfo = unknown
/usr/bin/hostinfo      = unknown
/bin/machine           = unknown
/usr/bin/oslevel       = unknown
/bin/universe          = unknown

PATH: /home/rohitagr/bin
PATH: /home/rohitagr/.local/bin
PATH: /usr/local/sbin
PATH: /usr/local/bin
PATH: /usr/sbin
PATH: /usr/bin
PATH: /sbin
PATH: /bin
PATH: /usr/games
PATH: /usr/local/games
PATH: /mnt/c/Program Files (x86)/Razer Chroma SDK/bin
PATH: /mnt/c/Program Files/Razer Chroma SDK/bin
PATH: /mnt/c/Program Files (x86)/Intel/iCLS Client
PATH: /mnt/c/Program Files/Intel/iCLS Client
PATH: /mnt/c/Windows/System32
PATH: /mnt/c/Windows
PATH: /mnt/c/Windows/System32/wbem
PATH: /mnt/c/Windows/System32/WindowsPowerShell/v1.0
PATH: /mnt/c/Program Files (x86)/Intel/Intel(R) Management Engine Components/DAL
PATH: /mnt/c/Program Files/Intel/Intel(R) Management Engine Components/DAL
PATH: /mnt/c/Program Files (x86)/Intel/Intel(R) Management Engine Components/IPT
PATH: /mnt/c/Program Files/Intel/Intel(R) Management Engine Components/IPT
PATH: /mnt/c/Program Files/MiKTeX 2.9/miktex/bin/x64
PATH: /mnt/c/Windows/System32
PATH: /mnt/c/Windows
PATH: /mnt/c/Windows/System32/wbem
PATH: /mnt/c/Windows/System32/WindowsPowerShell/v1.0
PATH: /mnt/c/Windows/System32/OpenSSH
PATH: /mnt/c/Users/Rohit/AppData/Local/Microsoft/WindowsApps
PATH: /snap/bin
PATH: /home/rohitagr/polyopt-c-0.2.1/src


## ----------- ##
## Core tests. ##
## ----------- ##

configure:2593: checking for a BSD-compatible install
configure:2661: result: /usr/bin/install -c
configure:2672: checking whether build environment is sane
configure:2727: result: yes
configure:2878: checking for a thread-safe mkdir -p
configure:2917: result: /bin/mkdir -p
configure:2924: checking for gawk
configure:2940: found /usr/bin/gawk
configure:2951: result: gawk
configure:2962: checking whether make sets $(MAKE)
configure:2984: result: yes
configure:3013: checking whether make supports nested variables
configure:3030: result: yes
configure:3167: checking whether make supports nested variables
configure:3184: result: yes
configure:3246: checking for gcc
configure:3262: found /usr/bin/gcc
configure:3273: result: gcc
configure:3502: checking for C compiler version
configure:3511: gcc --version >&5
gcc (Ubuntu 5.4.0-6ubuntu1~16.04.10) 5.4.0 20160609
Copyright (C) 2015 Free Software Foundation, Inc.
This is free software; see the source for copying conditions.  There is NO
warranty; not even for MERCHANTABILITY or FITNESS FOR A PARTICULAR PURPOSE.

configure:3522: $? = 0
configure:3511: gcc -v >&5
Using built-in specs.
COLLECT_GCC=gcc
COLLECT_LTO_WRAPPER=/usr/lib/gcc/x86_64-linux-gnu/5/lto-wrapper
Target: x86_64-linux-gnu
Configured with: ../src/configure -v --with-pkgversion='Ubuntu 5.4.0-6ubuntu1~16.04.10' --with-bugurl=file:///usr/share/doc/gcc-5/README.Bugs --enable-languages=c,ada,c++,java,go,d,fortran,objc,obj-c++ --prefix=/usr --program-suffix=-5 --enable-shared --enable-linker-build-id --libexecdir=/usr/lib --without-included-gettext --enable-threads=posix --libdir=/usr/lib --enable-nls --with-sysroot=/ --enable-clocale=gnu --enable-libstdcxx-debug --enable-libstdcxx-time=yes --with-default-libstdcxx-abi=new --enable-gnu-unique-object --disable-vtable-verify --enable-libmpx --enable-plugin --with-system-zlib --disable-browser-plugin --enable-java-awt=gtk --enable-gtk-cairo --with-java-home=/usr/lib/jvm/java-1.5.0-gcj-5-amd64/jre --enable-java-home --with-jvm-root-dir=/usr/lib/jvm/java-1.5.0-gcj-5-amd64 --with-jvm-jar-dir=/usr/lib/jvm-exports/java-1.5.0-gcj-5-amd64 --with-arch-directory=amd64 --with-ecj-jar=/usr/share/java/eclipse-ecj.jar --enable-objc-gc --enable-multiarch --disable-werror --with-arch-32=i686 --with-abi=m64 --with-multilib-list=m32,m64,mx32 --enable-multilib --with-tune=generic --enable-checking=release --build=x86_64-linux-gnu --host=x86_64-linux-gnu --target=x86_64-linux-gnu
Thread model: posix
gcc version 5.4.0 20160609 (Ubuntu 5.4.0-6ubuntu1~16.04.10) 
configure:3522: $? = 0
configure:3511: gcc -V >&5
gcc: error: unrecognized command line option '-V'
gcc: fatal error: no input files
compilation terminated.
configure:3522: $? = 1
configure:3511: gcc -qversion >&5
gcc: error: unrecognized command line option '-qversion'
gcc: fatal error: no input files
compilation terminated.
configure:3522: $? = 1
configure:3542: checking whether the C compiler works
configure:3564: gcc    conftest.c  >&5
configure:3568: $? = 0
configure:3616: result: yes
configure:3619: checking for C compiler default output file name
configure:3621: result: a.out
configure:3627: checking for suffix of executables
configure:3634: gcc -o conftest    conftest.c  >&5
configure:3638: $? = 0
configure:3660: result: 
configure:3682: checking whether we are cross compiling
configure:3690: gcc -o conftest    conftest.c  >&5
configure:3694: $? = 0
configure:3701: ./conftest
configure:3705: $? = 0
configure:3720: result: no
configure:3725: checking for suffix of object files
configure:3747: gcc -c   conftest.c >&5
configure:3751: $? = 0
configure:3772: result: o
configure:3776: checking whether we are using the GNU C compiler
configure:3795: gcc -c   conftest.c >&5
configure:3795: $? = 0
configure:3804: result: yes
configure:3813: checking whether gcc accepts -g
configure:3833: gcc -c -g  conftest.c >&5
configure:3833: $? = 0
configure:3874: result: yes
configure:3891: checking for gcc option to accept ISO C89
configure:3954: gcc  -c -g -O2  conftest.c >&5
configure:3954: $? = 0
configure:3967: result: none needed
configure:3992: checking whether gcc understands -c and -o together
configure:4014: gcc -c conftest.c -o conftest2.o
configure:4017: $? = 0
configure:4014: gcc -c conftest.c -o conftest2.o
configure:4017: $? = 0
configure:4029: result: yes
configure:4057: checking for style of include used by make
configure:4085: result: GNU
configure:4111: checking dependency style of gcc
configure:4222: result: gcc3
configure:4295: checking for g++
configure:4311: found /usr/bin/g++
configure:4322: result: g++
configure:4349: checking for C++ compiler version
configure:4358: g++ --version >&5
g++ (Ubuntu 5.4.0-6ubuntu1~16.04.10) 5.4.0 20160609
Copyright (C) 2015 Free Software Foundation, Inc.
This is free software; see the source for copying conditions.  There is NO
warranty; not even for MERCHANTABILITY or FITNESS FOR A PARTICULAR PURPOSE.

configure:4369: $? = 0
configure:4358: g++ -v >&5
Using built-in specs.
COLLECT_GCC=g++
COLLECT_LTO_WRAPPER=/usr/lib/gcc/x86_64-linux-gnu/5/lto-wrapper
Target: x86_64-linux-gnu
Configured with: ../src/configure -v --with-pkgversion='Ubuntu 5.4.0-6ubuntu1~16.04.10' --with-bugurl=file:///usr/share/doc/gcc-5/README.Bugs --enable-languages=c,ada,c++,java,go,d,fortran,objc,obj-c++ --prefix=/usr --program-suffix=-5 --enable-shared --enable-linker-build-id --libexecdir=/usr/lib --without-included-gettext --enable-threads=posix --libdir=/usr/lib --enable-nls --with-sysroot=/ --enable-clocale=gnu --enable-libstdcxx-debug --enable-libstdcxx-time=yes --with-default-libstdcxx-abi=new --enable-gnu-unique-object --disable-vtable-verify --enable-libmpx --enable-plugin --with-system-zlib --disable-browser-plugin --enable-java-awt=gtk --enable-gtk-cairo --with-java-home=/usr/lib/jvm/java-1.5.0-gcj-5-amd64/jre --enable-java-home --with-jvm-root-dir=/usr/lib/jvm/java-1.5.0-gcj-5-amd64 --with-jvm-jar-dir=/usr/lib/jvm-exports/java-1.5.0-gcj-5-amd64 --with-arch-directory=amd64 --with-ecj-jar=/usr/share/java/eclipse-ecj.jar --enable-objc-gc --enable-multiarch --disable-werror --with-arch-32=i686 --with-abi=m64 --with-multilib-list=m32,m64,mx32 --enable-multilib --with-tune=generic --enable-checking=release --build=x86_64-linux-gnu --host=x86_64-linux-gnu --target=x86_64-linux-gnu
Thread model: posix
gcc version 5.4.0 20160609 (Ubuntu 5.4.0-6ubuntu1~16.04.10) 
configure:4369: $? = 0
configure:4358: g++ -V >&5
g++: error: unrecognized command line option '-V'
g++: fatal error: no input files
compilation terminated.
configure:4369: $? = 1
configure:4358: g++ -qversion >&5
g++: error: unrecognized command line option '-qversion'
g++: fatal error: no input files
compilation terminated.
configure:4369: $? = 1
configure:4373: checking whether we are using the GNU C++ compiler
configure:4392: g++ -c   conftest.cpp >&5
configure:4392: $? = 0
configure:4401: result: yes
configure:4410: checking whether g++ accepts -g
configure:4430: g++ -c -g  conftest.cpp >&5
configure:4430: $? = 0
configure:4471: result: yes
configure:4496: checking dependency style of g++
configure:4607: result: gcc3
configure:4622: checking for grep that handles long lines and -e
configure:4680: result: /bin/grep
configure:4714: checking build system type
configure:4728: result: x86_64-pc-linux-gnu
configure:4748: checking host system type
configure:4761: result: x86_64-pc-linux-gnu
configure:4802: checking how to print strings
configure:4829: result: printf
configure:4850: checking for a sed that does not truncate output
configure:4914: result: /bin/sed
configure:4932: checking for egrep
configure:4994: result: /bin/grep -E
configure:4999: checking for fgrep
configure:5061: result: /bin/grep -F
configure:5096: checking for ld used by gcc
configure:5163: result: /usr/bin/ld
configure:5170: checking if the linker (/usr/bin/ld) is GNU ld
configure:5185: result: yes
configure:5197: checking for BSD- or MS-compatible name lister (nm)
configure:5251: result: /usr/bin/nm -B
configure:5381: checking the name lister (/usr/bin/nm -B) interface
configure:5388: gcc -c -g -O2  conftest.c >&5
configure:5391: /usr/bin/nm -B "conftest.o"
configure:5394: output
0000000000000000 B some_variable
configure:5401: result: BSD nm
configure:5404: checking whether ln -s works
configure:5408: result: yes
configure:5416: checking the maximum length of command line arguments
configure:5547: result: 1572864
configure:5595: checking how to convert x86_64-pc-linux-gnu file names to x86_64-pc-linux-gnu format
configure:5635: result: func_convert_file_noop
configure:5642: checking how to convert x86_64-pc-linux-gnu file names to toolchain format
configure:5662: result: func_convert_file_noop
configure:5669: checking for /usr/bin/ld option to reload object files
configure:5676: result: -r
configure:5750: checking for objdump
configure:5766: found /usr/bin/objdump
configure:5777: result: objdump
configure:5809: checking how to recognize dependent libraries
configure:6009: result: pass_all
configure:6094: checking for dlltool
configure:6124: result: no
configure:6154: checking how to associate runtime and link libraries
configure:6181: result: printf %s\n
configure:6242: checking for ar
configure:6258: found /usr/bin/ar
configure:6269: result: ar
configure:6306: checking for archiver @FILE support
configure:6323: gcc -c -g -O2  conftest.c >&5
configure:6323: $? = 0
configure:6326: ar cru libconftest.a @conftest.lst >&5
ar: `u' modifier ignored since `D' is the default (see `U')
configure:6329: $? = 0
configure:6334: ar cru libconftest.a @conftest.lst >&5
ar: `u' modifier ignored since `D' is the default (see `U')
ar: conftest.o: No such file or directory
configure:6337: $? = 1
configure:6349: result: @
configure:6407: checking for strip
configure:6423: found /usr/bin/strip
configure:6434: result: strip
configure:6506: checking for ranlib
configure:6522: found /usr/bin/ranlib
configure:6533: result: ranlib
configure:6635: checking command to parse /usr/bin/nm -B output from gcc object
configure:6788: gcc -c -g -O2  conftest.c >&5
configure:6791: $? = 0
configure:6795: /usr/bin/nm -B conftest.o \| sed -n -e 's/^.*[ ]\([ABCDGIRSTW][ABCDGIRSTW]*\)[ ][ ]*\([_A-Za-z][_A-Za-z0-9]*\)$/\1 \2 \2/p' | sed '/ __gnu_lto/d' \> conftest.nm
configure:6798: $? = 0
configure:6864: gcc -o conftest -g -O2   conftest.c conftstm.o >&5
configure:6867: $? = 0
configure:6905: result: ok
configure:6952: checking for sysroot
configure:6982: result: no
configure:6989: checking for a working dd
configure:7027: result: /bin/dd
configure:7031: checking how to truncate binary pipes
configure:7046: result: /bin/dd bs=4096 count=1
configure:7182: gcc -c -g -O2  conftest.c >&5
configure:7185: $? = 0
configure:7375: checking for mt
configure:7391: found /bin/mt
configure:7402: result: mt
configure:7425: checking if mt is a manifest tool
configure:7431: mt '-?'
configure:7439: result: no
configure:8116: checking how to run the C preprocessor
configure:8147: gcc -E  conftest.c
configure:8147: $? = 0
configure:8161: gcc -E  conftest.c
conftest.c:11:28: fatal error: ac_nonexistent.h: No such file or directory
compilation terminated.
configure:8161: $? = 1
configure: failed program was:
| /* confdefs.h */
| #define PACKAGE_NAME "pet"
| #define PACKAGE_TARNAME "pet"
| #define PACKAGE_VERSION "0.11.1"
| #define PACKAGE_STRING "pet 0.11.1"
| #define PACKAGE_BUGREPORT "isl-development@googlegroups.com"
| #define PACKAGE_URL ""
| #define PACKAGE "pet"
| #define VERSION "0.11.1"
| /* end confdefs.h.  */
| #include <ac_nonexistent.h>
configure:8186: result: gcc -E
configure:8206: gcc -E  conftest.c
configure:8206: $? = 0
configure:8220: gcc -E  conftest.c
conftest.c:11:28: fatal error: ac_nonexistent.h: No such file or directory
compilation terminated.
configure:8220: $? = 1
configure: failed program was:
| /* confdefs.h */
| #define PACKAGE_NAME "pet"
| #define PACKAGE_TARNAME "pet"
| #define PACKAGE_VERSION "0.11.1"
| #define PACKAGE_STRING "pet 0.11.1"
| #define PACKAGE_BUGREPORT "isl-development@googlegroups.com"
| #define PACKAGE_URL ""
| #define PACKAGE "pet"
| #define VERSION "0.11.1"
| /* end confdefs.h.  */
| #include <ac_nonexistent.h>
configure:8249: checking for ANSI C header files
configure:8269: gcc -c -g -O2  conftest.c >&5
configure:8269: $? = 0
configure:8342: gcc -o conftest -g -O2   conftest.c  >&5
configure:8342: $? = 0
configure:8342: ./conftest
configure:8342: $? = 0
configure:8353: result: yes
configure:8366: checking for sys/types.h
configure:8366: gcc -c -g -O2  conftest.c >&5
configure:8366: $? = 0
configure:8366: result: yes
configure:8366: checking for sys/stat.h
configure:8366: gcc -c -g -O2  conftest.c >&5
configure:8366: $? = 0
configure:8366: result: yes
configure:8366: checking for stdlib.h
configure:8366: gcc -c -g -O2  conftest.c >&5
configure:8366: $? = 0
configure:8366: result: yes
configure:8366: checking for string.h
configure:8366: gcc -c -g -O2  conftest.c >&5
configure:8366: $? = 0
configure:8366: result: yes
configure:8366: checking for memory.h
configure:8366: gcc -c -g -O2  conftest.c >&5
configure:8366: $? = 0
configure:8366: result: yes
configure:8366: checking for strings.h
configure:8366: gcc -c -g -O2  conftest.c >&5
configure:8366: $? = 0
configure:8366: result: yes
configure:8366: checking for inttypes.h
configure:8366: gcc -c -g -O2  conftest.c >&5
configure:8366: $? = 0
configure:8366: result: yes
configure:8366: checking for stdint.h
configure:8366: gcc -c -g -O2  conftest.c >&5
configure:8366: $? = 0
configure:8366: result: yes
configure:8366: checking for unistd.h
configure:8366: gcc -c -g -O2  conftest.c >&5
configure:8366: $? = 0
configure:8366: result: yes
configure:8380: checking for dlfcn.h
configure:8380: gcc -c -g -O2  conftest.c >&5
configure:8380: $? = 0
configure:8380: result: yes
configure:8647: checking for objdir
configure:8662: result: .libs
configure:8926: checking if gcc supports -fno-rtti -fno-exceptions
configure:8944: gcc -c -g -O2  -fno-rtti -fno-exceptions conftest.c >&5
cc1: warning: command line option '-fno-rtti' is valid for C++/ObjC++ but not for C
configure:8948: $? = 0
configure:8961: result: no
configure:9319: checking for gcc option to produce PIC
configure:9326: result: -fPIC -DPIC
configure:9334: checking if gcc PIC flag -fPIC -DPIC works
configure:9352: gcc -c -g -O2  -fPIC -DPIC -DPIC conftest.c >&5
configure:9356: $? = 0
configure:9369: result: yes
configure:9398: checking if gcc static flag -static works
configure:9426: result: yes
configure:9441: checking if gcc supports -c -o file.o
configure:9462: gcc -c -g -O2  -o out/conftest2.o conftest.c >&5
configure:9466: $? = 0
configure:9488: result: yes
configure:9496: checking if gcc supports -c -o file.o
configure:9543: result: yes
configure:9576: checking whether the gcc linker (/usr/bin/ld -m elf_x86_64) supports shared libraries
configure:10839: result: yes
configure:10876: checking whether -lc should be explicitly linked in
configure:10884: gcc -c -g -O2  conftest.c >&5
configure:10887: $? = 0
configure:10902: gcc -shared  -fPIC -DPIC conftest.o  -v -Wl,-soname -Wl,conftest -o conftest 2\>\&1 \| /bin/grep  -lc  \>/dev/null 2\>\&1
configure:10905: $? = 0
configure:10919: result: no
configure:11079: checking dynamic linker characteristics
configure:11660: gcc -o conftest -g -O2   -Wl,-rpath -Wl,/foo conftest.c  >&5
configure:11660: $? = 0
configure:11909: result: GNU/Linux ld.so
configure:12031: checking how to hardcode library paths into programs
configure:12056: result: immediate
configure:12604: checking whether stripping libraries is possible
configure:12609: result: yes
configure:12644: checking if libtool supports shared libraries
configure:12646: result: yes
configure:12649: checking whether to build shared libraries
configure:12674: result: yes
configure:12677: checking whether to build static libraries
configure:12681: result: yes
configure:12704: checking how to run the C++ preprocessor
configure:12731: g++ -E  conftest.cpp
configure:12731: $? = 0
configure:12745: g++ -E  conftest.cpp
conftest.cpp:23:28: fatal error: ac_nonexistent.h: No such file or directory
compilation terminated.
configure:12745: $? = 1
configure: failed program was:
| /* confdefs.h */
| #define PACKAGE_NAME "pet"
| #define PACKAGE_TARNAME "pet"
| #define PACKAGE_VERSION "0.11.1"
| #define PACKAGE_STRING "pet 0.11.1"
| #define PACKAGE_BUGREPORT "isl-development@googlegroups.com"
| #define PACKAGE_URL ""
| #define PACKAGE "pet"
| #define VERSION "0.11.1"
| #define STDC_HEADERS 1
| #define HAVE_SYS_TYPES_H 1
| #define HAVE_SYS_STAT_H 1
| #define HAVE_STDLIB_H 1
| #define HAVE_STRING_H 1
| #define HAVE_MEMORY_H 1
| #define HAVE_STRINGS_H 1
| #define HAVE_INTTYPES_H 1
| #define HAVE_STDINT_H 1
| #define HAVE_UNISTD_H 1
| #define HAVE_DLFCN_H 1
| #define LT_OBJDIR ".libs/"
| /* end confdefs.h.  */
| #include <ac_nonexistent.h>
configure:12770: result: g++ -E
configure:12790: g++ -E  conftest.cpp
configure:12790: $? = 0
configure:12804: g++ -E  conftest.cpp
conftest.cpp:23:28: fatal error: ac_nonexistent.h: No such file or directory
compilation terminated.
configure:12804: $? = 1
configure: failed program was:
| /* confdefs.h */
| #define PACKAGE_NAME "pet"
| #define PACKAGE_TARNAME "pet"
| #define PACKAGE_VERSION "0.11.1"
| #define PACKAGE_STRING "pet 0.11.1"
| #define PACKAGE_BUGREPORT "isl-development@googlegroups.com"
| #define PACKAGE_URL ""
| #define PACKAGE "pet"
| #define VERSION "0.11.1"
| #define STDC_HEADERS 1
| #define HAVE_SYS_TYPES_H 1
| #define HAVE_SYS_STAT_H 1
| #define HAVE_STDLIB_H 1
| #define HAVE_STRING_H 1
| #define HAVE_MEMORY_H 1
| #define HAVE_STRINGS_H 1
| #define HAVE_INTTYPES_H 1
| #define HAVE_STDINT_H 1
| #define HAVE_UNISTD_H 1
| #define HAVE_DLFCN_H 1
| #define LT_OBJDIR ".libs/"
| /* end confdefs.h.  */
| #include <ac_nonexistent.h>
configure:12966: checking for ld used by g++
configure:13033: result: /usr/bin/ld -m elf_x86_64
configure:13040: checking if the linker (/usr/bin/ld -m elf_x86_64) is GNU ld
configure:13055: result: yes
configure:13110: checking whether the g++ linker (/usr/bin/ld -m elf_x86_64) supports shared libraries
configure:14183: result: yes
configure:14219: g++ -c -g -O2  conftest.cpp >&5
configure:14222: $? = 0
configure:14703: checking for g++ option to produce PIC
configure:14710: result: -fPIC -DPIC
configure:14718: checking if g++ PIC flag -fPIC -DPIC works
configure:14736: g++ -c -g -O2  -fPIC -DPIC -DPIC conftest.cpp >&5
configure:14740: $? = 0
configure:14753: result: yes
configure:14776: checking if g++ static flag -static works
configure:14804: result: yes
configure:14816: checking if g++ supports -c -o file.o
configure:14837: g++ -c -g -O2  -o out/conftest2.o conftest.cpp >&5
configure:14841: $? = 0
configure:14863: result: yes
configure:14868: checking if g++ supports -c -o file.o
configure:14915: result: yes
configure:14945: checking whether the g++ linker (/usr/bin/ld -m elf_x86_64) supports shared libraries
configure:14988: result: yes
configure:15129: checking dynamic linker characteristics
configure:15886: result: GNU/Linux ld.so
configure:15951: checking how to hardcode library paths into programs
configure:15976: result: immediate
configure:16037: checking for a sed that does not truncate output
configure:16101: result: /bin/sed
configure:16193: checking which clang to use
configure:16195: result: system
configure:16203: checking for llvm-config
configure:16219: found /usr/bin/llvm-config
configure:16230: result: yes
configure:16258: checking for main in -lLLVM-3.8.0
configure:16277: gcc -o conftest -g -O2  -L/usr/lib/llvm-3.8/lib   conftest.c -lLLVM-3.8.0   >&5
configure:16277: $? = 0
configure:16287: result: yes
configure:16333: checking clang/Basic/SourceLocation.h usability
configure:16333: g++ -c -g -O2 -I/usr/lib/llvm-3.8/include -std=c++0x -fPIC -fvisibility-inlines-hidden -Wall -W -Wno-unused-parameter -Wwrite-strings -Wcast-qual -Wno-missing-field-initializers -pedantic -Wno-long-long -Wno-maybe-uninitialized -Wdelete-non-virtual-dtor -Wno-comment -std=c++11 -ffunction-sections -fdata-sections -O2 -g -DNDEBUG  -fno-exceptions -D_GNU_SOURCE -D__STDC_CONSTANT_MACROS -D__STDC_FORMAT_MACROS -D__STDC_LIMIT_MACROS  conftest.cpp >&5
configure:16333: $? = 0
configure:16333: result: yes
configure:16333: checking clang/Basic/SourceLocation.h presence
configure:16333: g++ -E -I/usr/lib/llvm-3.8/include -std=c++0x -fPIC -fvisibility-inlines-hidden -Wall -W -Wno-unused-parameter -Wwrite-strings -Wcast-qual -Wno-missing-field-initializers -pedantic -Wno-long-long -Wno-maybe-uninitialized -Wdelete-non-virtual-dtor -Wno-comment -std=c++11 -ffunction-sections -fdata-sections -O2 -g -DNDEBUG  -fno-exceptions -D_GNU_SOURCE -D__STDC_CONSTANT_MACROS -D__STDC_FORMAT_MACROS -D__STDC_LIMIT_MACROS  conftest.cpp
configure:16333: $? = 0
configure:16333: result: yes
configure:16333: checking for clang/Basic/SourceLocation.h
configure:16333: result: yes
configure:16502: g++ -c -g -O2 -I/usr/lib/llvm-3.8/include -std=c++0x -fPIC -fvisibility-inlines-hidden -Wall -W -Wno-unused-parameter -Wwrite-strings -Wcast-qual -Wno-missing-field-initializers -pedantic -Wno-long-long -Wno-maybe-uninitialized -Wdelete-non-virtual-dtor -Wno-comment -std=c++11 -ffunction-sections -fdata-sections -O2 -g -DNDEBUG  -fno-exceptions -D_GNU_SOURCE -D__STDC_CONSTANT_MACROS -D__STDC_FORMAT_MACROS -D__STDC_LIMIT_MACROS  conftest.cpp >&5
conftest.cpp: In function 'int main()':
conftest.cpp:33:39: error: no matching function for call to 'clang::driver::Driver::Driver(const char [1], const char [1], const char [1], clang::DiagnosticsEngine&)'
  new driver::Driver("", "", "", *Diags);
                                       ^
In file included from conftest.cpp:26:0:
/usr/lib/llvm-3.8/include/clang/Driver/Driver.h:222:3: note: candidate: clang::driver::Driver::Driver(llvm::StringRef, llvm::StringRef, clang::DiagnosticsEngine&, llvm::IntrusiveRefCntPtr<clang::vfs::FileSystem>)
   Driver(StringRef ClangExecutable, StringRef DefaultTargetTriple,
   ^
/usr/lib/llvm-3.8/include/clang/Driver/Driver.h:222:3: note:   no known conversion for argument 3 from 'const char [1]' to 'clang::DiagnosticsEngine&'
configure:16502: $? = 1
configure: failed program was:
| /* confdefs.h */
| #define PACKAGE_NAME "pet"
| #define PACKAGE_TARNAME "pet"
| #define PACKAGE_VERSION "0.11.1"
| #define PACKAGE_STRING "pet 0.11.1"
| #define PACKAGE_BUGREPORT "isl-development@googlegroups.com"
| #define PACKAGE_URL ""
| #define PACKAGE "pet"
| #define VERSION "0.11.1"
| #define STDC_HEADERS 1
| #define HAVE_SYS_TYPES_H 1
| #define HAVE_SYS_STAT_H 1
| #define HAVE_STDLIB_H 1
| #define HAVE_STRING_H 1
| #define HAVE_MEMORY_H 1
| #define HAVE_STRINGS_H 1
| #define HAVE_INTTYPES_H 1
| #define HAVE_STDINT_H 1
| #define HAVE_UNISTD_H 1
| #define HAVE_DLFCN_H 1
| #define LT_OBJDIR ".libs/"
| #define CLANG_PREFIX "/usr/lib/llvm-3.8"
| #define DiagnosticInfo Diagnostic
| #define USE_ARRAYREF /**/
| /* end confdefs.h.  */
| #include <clang/Driver/Driver.h>
| int
| main ()
| {
| 
| 	using namespace clang;
| 	DiagnosticsEngine *Diags;
| 	new driver::Driver("", "", "", *Diags);
| 
|   ;
|   return 0;
| }
configure:16531: checking clang/Basic/DiagnosticOptions.h usability
configure:16531: g++ -c -g -O2 -I/usr/lib/llvm-3.8/include -std=c++0x -fPIC -fvisibility-inlines-hidden -Wall -W -Wno-unused-parameter -Wwrite-strings -Wcast-qual -Wno-missing-field-initializers -pedantic -Wno-long-long -Wno-maybe-uninitialized -Wdelete-non-virtual-dtor -Wno-comment -std=c++11 -ffunction-sections -fdata-sections -O2 -g -DNDEBUG  -fno-exceptions -D_GNU_SOURCE -D__STDC_CONSTANT_MACROS -D__STDC_FORMAT_MACROS -D__STDC_LIMIT_MACROS  conftest.cpp >&5
configure:16531: $? = 0
configure:16531: result: yes
configure:16531: checking clang/Basic/DiagnosticOptions.h presence
configure:16531: g++ -E -I/usr/lib/llvm-3.8/include -std=c++0x -fPIC -fvisibility-inlines-hidden -Wall -W -Wno-unused-parameter -Wwrite-strings -Wcast-qual -Wno-missing-field-initializers -pedantic -Wno-long-long -Wno-maybe-uninitialized -Wdelete-non-virtual-dtor -Wno-comment -std=c++11 -ffunction-sections -fdata-sections -O2 -g -DNDEBUG  -fno-exceptions -D_GNU_SOURCE -D__STDC_CONSTANT_MACROS -D__STDC_FORMAT_MACROS -D__STDC_LIMIT_MACROS  conftest.cpp
configure:16531: $? = 0
configure:16531: result: yes
configure:16531: checking for clang/Basic/DiagnosticOptions.h
configure:16531: result: yes
configure:16539: checking for clang/Lex/HeaderSearchOptions.h
configure:16539: g++ -c -g -O2 -I/usr/lib/llvm-3.8/include -std=c++0x -fPIC -fvisibility-inlines-hidden -Wall -W -Wno-unused-parameter -Wwrite-strings -Wcast-qual -Wno-missing-field-initializers -pedantic -Wno-long-long -Wno-maybe-uninitialized -Wdelete-non-virtual-dtor -Wno-comment -std=c++11 -ffunction-sections -fdata-sections -O2 -g -DNDEBUG  -fno-exceptions -D_GNU_SOURCE -D__STDC_CONSTANT_MACROS -D__STDC_FORMAT_MACROS -D__STDC_LIMIT_MACROS  conftest.cpp >&5
configure:16539: $? = 0
configure:16539: result: yes
configure:16548: checking for clang/Lex/PreprocessorOptions.h
configure:16548: g++ -c -g -O2 -I/usr/lib/llvm-3.8/include -std=c++0x -fPIC -fvisibility-inlines-hidden -Wall -W -Wno-unused-parameter -Wwrite-strings -Wcast-qual -Wno-missing-field-initializers -pedantic -Wno-long-long -Wno-maybe-uninitialized -Wdelete-non-virtual-dtor -Wno-comment -std=c++11 -ffunction-sections -fdata-sections -O2 -g -DNDEBUG  -fno-exceptions -D_GNU_SOURCE -D__STDC_CONSTANT_MACROS -D__STDC_FORMAT_MACROS -D__STDC_LIMIT_MACROS  conftest.cpp >&5
configure:16548: $? = 0
configure:16548: result: yes
configure:16573: g++ -c -g -O2 -I/usr/lib/llvm-3.8/include -std=c++0x -fPIC -fvisibility-inlines-hidden -Wall -W -Wno-unused-parameter -Wwrite-strings -Wcast-qual -Wno-missing-field-initializers -pedantic -Wno-long-long -Wno-maybe-uninitialized -Wdelete-non-virtual-dtor -Wno-comment -std=c++11 -ffunction-sections -fdata-sections -O2 -g -DNDEBUG  -fno-exceptions -D_GNU_SOURCE -D__STDC_CONSTANT_MACROS -D__STDC_FORMAT_MACROS -D__STDC_LIMIT_MACROS  conftest.cpp >&5
conftest.cpp: In function 'int main()':
conftest.cpp:39:42: warning: 'Diags' is used uninitialized in this function [-Wuninitialized]
  TargetInfo::CreateTargetInfo(*Diags, TO);
                                          ^
configure:16573: $? = 0
configure:16595: g++ -c -g -O2 -I/usr/lib/llvm-3.8/include -std=c++0x -fPIC -fvisibility-inlines-hidden -Wall -W -Wno-unused-parameter -Wwrite-strings -Wcast-qual -Wno-missing-field-initializers -pedantic -Wno-long-long -Wno-maybe-uninitialized -Wdelete-non-virtual-dtor -Wno-comment -std=c++11 -ffunction-sections -fdata-sections -O2 -g -DNDEBUG  -fno-exceptions -D_GNU_SOURCE -D__STDC_CONSTANT_MACROS -D__STDC_FORMAT_MACROS -D__STDC_LIMIT_MACROS  conftest.cpp >&5
conftest.cpp: In function 'int main()':
conftest.cpp:40:41: error: no matching function for call to 'clang::TargetInfo::CreateTargetInfo(clang::DiagnosticsEngine&, clang::TargetOptions*&)'
  TargetInfo::CreateTargetInfo(*Diags, TO);
                                         ^
In file included from conftest.cpp:32:0:
/usr/lib/llvm-3.8/include/clang/Basic/TargetInfo.h:105:3: note: candidate: static clang::TargetInfo* clang::TargetInfo::CreateTargetInfo(clang::DiagnosticsEngine&, const std::shared_ptr<clang::TargetOptions>&)
   CreateTargetInfo(DiagnosticsEngine &Diags,
   ^
/usr/lib/llvm-3.8/include/clang/Basic/TargetInfo.h:105:3: note:   no known conversion for argument 2 from 'clang::TargetOptions*' to 'const std::shared_ptr<clang::TargetOptions>&'
configure:16595: $? = 1
configure: failed program was:
| /* confdefs.h */
| #define PACKAGE_NAME "pet"
| #define PACKAGE_TARNAME "pet"
| #define PACKAGE_VERSION "0.11.1"
| #define PACKAGE_STRING "pet 0.11.1"
| #define PACKAGE_BUGREPORT "isl-development@googlegroups.com"
| #define PACKAGE_URL ""
| #define PACKAGE "pet"
| #define VERSION "0.11.1"
| #define STDC_HEADERS 1
| #define HAVE_SYS_TYPES_H 1
| #define HAVE_SYS_STAT_H 1
| #define HAVE_STDLIB_H 1
| #define HAVE_STRING_H 1
| #define HAVE_MEMORY_H 1
| #define HAVE_STRINGS_H 1
| #define HAVE_INTTYPES_H 1
| #define HAVE_STDINT_H 1
| #define HAVE_UNISTD_H 1
| #define HAVE_DLFCN_H 1
| #define LT_OBJDIR ".libs/"
| #define CLANG_PREFIX "/usr/lib/llvm-3.8"
| #define DiagnosticInfo Diagnostic
| #define USE_ARRAYREF /**/
| #define HandleTopLevelDeclReturn bool
| #define HandleTopLevelDeclContinue true
| #define HAVE_BASIC_DIAGNOSTICOPTIONS_H /**/
| #define HAVE_LEX_HEADERSEARCHOPTIONS_H /**/
| #define HAVE_LEX_PREPROCESSOROPTIONS_H /**/
| #define CREATETARGETINFO_TAKES_SHARED_PTR /**/
| /* end confdefs.h.  */
| #include <clang/Basic/TargetInfo.h>
| int
| main ()
| {
| 
| 	using namespace clang;
| 	TargetOptions *TO;
| 	DiagnosticsEngine *Diags;
| 	TargetInfo::CreateTargetInfo(*Diags, TO);
| 
|   ;
|   return 0;
| }
configure:16658: g++ -c -g -O2 -I/usr/lib/llvm-3.8/include -std=c++0x -fPIC -fvisibility-inlines-hidden -Wall -W -Wno-unused-parameter -Wwrite-strings -Wcast-qual -Wno-missing-field-initializers -pedantic -Wno-long-long -Wno-maybe-uninitialized -Wdelete-non-virtual-dtor -Wno-comment -std=c++11 -ffunction-sections -fdata-sections -O2 -g -DNDEBUG  -fno-exceptions -D_GNU_SOURCE -D__STDC_CONSTANT_MACROS -D__STDC_FORMAT_MACROS -D__STDC_LIMIT_MACROS  conftest.cpp >&5
conftest.cpp: In function 'int main()':
conftest.cpp:42:34: warning: 'Clang' is used uninitialized in this function [-Wuninitialized]
  Clang->createDiagnostics(client);
                                  ^
conftest.cpp:42:34: warning: 'client' is used uninitialized in this function [-Wuninitialized]
configure:16658: $? = 0
configure:16681: g++ -c -g -O2 -I/usr/lib/llvm-3.8/include -std=c++0x -fPIC -fvisibility-inlines-hidden -Wall -W -Wno-unused-parameter -Wwrite-strings -Wcast-qual -Wno-missing-field-initializers -pedantic -Wno-long-long -Wno-maybe-uninitialized -Wdelete-non-virtual-dtor -Wno-comment -std=c++11 -ffunction-sections -fdata-sections -O2 -g -DNDEBUG  -fno-exceptions -D_GNU_SOURCE -D__STDC_CONSTANT_MACROS -D__STDC_FORMAT_MACROS -D__STDC_LIMIT_MACROS  conftest.cpp >&5
configure:16681: $? = 0
configure:16717: g++ -c -g -O2 -I/usr/lib/llvm-3.8/include -std=c++0x -fPIC -fvisibility-inlines-hidden -Wall -W -Wno-unused-parameter -Wwrite-strings -Wcast-qual -Wno-missing-field-initializers -pedantic -Wno-long-long -Wno-maybe-uninitialized -Wdelete-non-virtual-dtor -Wno-comment -std=c++11 -ffunction-sections -fdata-sections -O2 -g -DNDEBUG  -fno-exceptions -D_GNU_SOURCE -D__STDC_CONSTANT_MACROS -D__STDC_FORMAT_MACROS -D__STDC_LIMIT_MACROS  conftest.cpp >&5
conftest.cpp: In function 'int main()':
conftest.cpp:42:40: warning: 'Clang' is used uninitialized in this function [-Wuninitialized]
  Clang->createPreprocessor(TU_Complete);
                                        ^
configure:16717: $? = 0
configure:16749: checking llvm/ADT/OwningPtr.h usability
configure:16749: g++ -c -g -O2 -I/usr/lib/llvm-3.8/include -std=c++0x -fPIC -fvisibility-inlines-hidden -Wall -W -Wno-unused-parameter -Wwrite-strings -Wcast-qual -Wno-missing-field-initializers -pedantic -Wno-long-long -Wno-maybe-uninitialized -Wdelete-non-virtual-dtor -Wno-comment -std=c++11 -ffunction-sections -fdata-sections -O2 -g -DNDEBUG  -fno-exceptions -D_GNU_SOURCE -D__STDC_CONSTANT_MACROS -D__STDC_FORMAT_MACROS -D__STDC_LIMIT_MACROS  conftest.cpp >&5
conftest.cpp:71:32: fatal error: llvm/ADT/OwningPtr.h: No such file or directory
compilation terminated.
configure:16749: $? = 1
configure: failed program was:
| /* confdefs.h */
| #define PACKAGE_NAME "pet"
| #define PACKAGE_TARNAME "pet"
| #define PACKAGE_VERSION "0.11.1"
| #define PACKAGE_STRING "pet 0.11.1"
| #define PACKAGE_BUGREPORT "isl-development@googlegroups.com"
| #define PACKAGE_URL ""
| #define PACKAGE "pet"
| #define VERSION "0.11.1"
| #define STDC_HEADERS 1
| #define HAVE_SYS_TYPES_H 1
| #define HAVE_SYS_STAT_H 1
| #define HAVE_STDLIB_H 1
| #define HAVE_STRING_H 1
| #define HAVE_MEMORY_H 1
| #define HAVE_STRINGS_H 1
| #define HAVE_INTTYPES_H 1
| #define HAVE_STDINT_H 1
| #define HAVE_UNISTD_H 1
| #define HAVE_DLFCN_H 1
| #define LT_OBJDIR ".libs/"
| #define CLANG_PREFIX "/usr/lib/llvm-3.8"
| #define DiagnosticInfo Diagnostic
| #define USE_ARRAYREF /**/
| #define HandleTopLevelDeclReturn bool
| #define HandleTopLevelDeclContinue true
| #define HAVE_BASIC_DIAGNOSTICOPTIONS_H /**/
| #define HAVE_LEX_HEADERSEARCHOPTIONS_H /**/
| #define HAVE_LEX_PREPROCESSOROPTIONS_H /**/
| #define CREATETARGETINFO_TAKES_SHARED_PTR /**/
| #define HAVE_FINDLOCATIONAFTERTOKEN /**/
| #define HAVE_TRANSLATELINECOL /**/
| #define ADDPATH_TAKES_4_ARGUMENTS /**/
| #define CREATEPREPROCESSOR_TAKES_TUKIND /**/
| #define HAVE_DECAYEDTYPE /**/
| #define HAVE_SETMAINFILEID /**/
| /* end confdefs.h.  */
| #include <stdio.h>
| #ifdef HAVE_SYS_TYPES_H
| # include <sys/types.h>
| #endif
| #ifdef HAVE_SYS_STAT_H
| # include <sys/stat.h>
| #endif
| #ifdef STDC_HEADERS
| # include <stdlib.h>
| # include <stddef.h>
| #else
| # ifdef HAVE_STDLIB_H
| #  include <stdlib.h>
| # endif
| #endif
| #ifdef HAVE_STRING_H
| # if !defined STDC_HEADERS && defined HAVE_MEMORY_H
| #  include <memory.h>
| # endif
| # include <string.h>
| #endif
| #ifdef HAVE_STRINGS_H
| # include <strings.h>
| #endif
| #ifdef HAVE_INTTYPES_H
| # include <inttypes.h>
| #endif
| #ifdef HAVE_STDINT_H
| # include <stdint.h>
| #endif
| #ifdef HAVE_UNISTD_H
| # include <unistd.h>
| #endif
| #include <llvm/ADT/OwningPtr.h>
configure:16749: result: no
configure:16749: checking llvm/ADT/OwningPtr.h presence
configure:16749: g++ -E -I/usr/lib/llvm-3.8/include -std=c++0x -fPIC -fvisibility-inlines-hidden -Wall -W -Wno-unused-parameter -Wwrite-strings -Wcast-qual -Wno-missing-field-initializers -pedantic -Wno-long-long -Wno-maybe-uninitialized -Wdelete-non-virtual-dtor -Wno-comment -std=c++11 -ffunction-sections -fdata-sections -O2 -g -DNDEBUG  -fno-exceptions -D_GNU_SOURCE -D__STDC_CONSTANT_MACROS -D__STDC_FORMAT_MACROS -D__STDC_LIMIT_MACROS  conftest.cpp
conftest.cpp:38:32: fatal error: llvm/ADT/OwningPtr.h: No such file or directory
compilation terminated.
configure:16749: $? = 1
configure: failed program was:
| /* confdefs.h */
| #define PACKAGE_NAME "pet"
| #define PACKAGE_TARNAME "pet"
| #define PACKAGE_VERSION "0.11.1"
| #define PACKAGE_STRING "pet 0.11.1"
| #define PACKAGE_BUGREPORT "isl-development@googlegroups.com"
| #define PACKAGE_URL ""
| #define PACKAGE "pet"
| #define VERSION "0.11.1"
| #define STDC_HEADERS 1
| #define HAVE_SYS_TYPES_H 1
| #define HAVE_SYS_STAT_H 1
| #define HAVE_STDLIB_H 1
| #define HAVE_STRING_H 1
| #define HAVE_MEMORY_H 1
| #define HAVE_STRINGS_H 1
| #define HAVE_INTTYPES_H 1
| #define HAVE_STDINT_H 1
| #define HAVE_UNISTD_H 1
| #define HAVE_DLFCN_H 1
| #define LT_OBJDIR ".libs/"
| #define CLANG_PREFIX "/usr/lib/llvm-3.8"
| #define DiagnosticInfo Diagnostic
| #define USE_ARRAYREF /**/
| #define HandleTopLevelDeclReturn bool
| #define HandleTopLevelDeclContinue true
| #define HAVE_BASIC_DIAGNOSTICOPTIONS_H /**/
| #define HAVE_LEX_HEADERSEARCHOPTIONS_H /**/
| #define HAVE_LEX_PREPROCESSOROPTIONS_H /**/
| #define CREATETARGETINFO_TAKES_SHARED_PTR /**/
| #define HAVE_FINDLOCATIONAFTERTOKEN /**/
| #define HAVE_TRANSLATELINECOL /**/
| #define ADDPATH_TAKES_4_ARGUMENTS /**/
| #define CREATEPREPROCESSOR_TAKES_TUKIND /**/
| #define HAVE_DECAYEDTYPE /**/
| #define HAVE_SETMAINFILEID /**/
| /* end confdefs.h.  */
| #include <llvm/ADT/OwningPtr.h>
configure:16749: result: no
configure:16749: checking for llvm/ADT/OwningPtr.h
configure:16749: result: no
configure:16854: g++ -c -g -O2 -I/usr/lib/llvm-3.8/include -std=c++0x -fPIC -fvisibility-inlines-hidden -Wall -W -Wno-unused-parameter -Wwrite-strings -Wcast-qual -Wno-missing-field-initializers -pedantic -Wno-long-long -Wno-maybe-uninitialized -Wdelete-non-virtual-dtor -Wno-comment -std=c++11 -ffunction-sections -fdata-sections -O2 -g -DNDEBUG  -fno-exceptions -D_GNU_SOURCE -D__STDC_CONSTANT_MACROS -D__STDC_FORMAT_MACROS -D__STDC_LIMIT_MACROS  conftest.cpp >&5
conftest.cpp: In function 'int main()':
conftest.cpp:54:41: error: no matching function for call to 'clang::CompilerInvocation::setLangDefaults(clang::LangOptions&, clang::InputKind, llvm::Triple&, clang::PreprocessorOptions&, clang::LangStandard::Kind)'
    T, PO, LangStandard::lang_unspecified);
                                         ^
In file included from /usr/lib/llvm-3.8/include/clang/Frontend/CompilerInstance.h:17:0,
                 from conftest.cpp:42:
/usr/lib/llvm-3.8/include/clang/Frontend/CompilerInvocation.h:157:15: note: candidate: static void clang::CompilerInvocation::setLangDefaults(clang::LangOptions&, clang::InputKind, clang::LangStandard::Kind)
   static void setLangDefaults(LangOptions &Opts, InputKind IK,
               ^
/usr/lib/llvm-3.8/include/clang/Frontend/CompilerInvocation.h:157:15: note:   candidate expects 3 arguments, 5 provided
configure:16854: $? = 1
configure: failed program was:
| /* confdefs.h */
| #define PACKAGE_NAME "pet"
| #define PACKAGE_TARNAME "pet"
| #define PACKAGE_VERSION "0.11.1"
| #define PACKAGE_STRING "pet 0.11.1"
| #define PACKAGE_BUGREPORT "isl-development@googlegroups.com"
| #define PACKAGE_URL ""
| #define PACKAGE "pet"
| #define VERSION "0.11.1"
| #define STDC_HEADERS 1
| #define HAVE_SYS_TYPES_H 1
| #define HAVE_SYS_STAT_H 1
| #define HAVE_STDLIB_H 1
| #define HAVE_STRING_H 1
| #define HAVE_MEMORY_H 1
| #define HAVE_STRINGS_H 1
| #define HAVE_INTTYPES_H 1
| #define HAVE_STDINT_H 1
| #define HAVE_UNISTD_H 1
| #define HAVE_DLFCN_H 1
| #define LT_OBJDIR ".libs/"
| #define CLANG_PREFIX "/usr/lib/llvm-3.8"
| #define DiagnosticInfo Diagnostic
| #define USE_ARRAYREF /**/
| #define HandleTopLevelDeclReturn bool
| #define HandleTopLevelDeclContinue true
| #define HAVE_BASIC_DIAGNOSTICOPTIONS_H /**/
| #define HAVE_LEX_HEADERSEARCHOPTIONS_H /**/
| #define HAVE_LEX_PREPROCESSOROPTIONS_H /**/
| #define CREATETARGETINFO_TAKES_SHARED_PTR /**/
| #define HAVE_FINDLOCATIONAFTERTOKEN /**/
| #define HAVE_TRANSLATELINECOL /**/
| #define ADDPATH_TAKES_4_ARGUMENTS /**/
| #define CREATEPREPROCESSOR_TAKES_TUKIND /**/
| #define HAVE_DECAYEDTYPE /**/
| #define HAVE_SETMAINFILEID /**/
| #define GETTYPEINFORETURNSTYPEINFO /**/
| /* end confdefs.h.  */
| 
| 	#include <clang/Basic/TargetOptions.h>
| 	#include <clang/Lex/PreprocessorOptions.h>
| 	#include <clang/Frontend/CompilerInstance.h>
| 
| int
| main ()
| {
| 
| 	using namespace clang;
| 	CompilerInstance *Clang;
| 	TargetOptions TO;
| 	llvm::Triple T(TO.Triple);
| 	PreprocessorOptions PO;
| 	CompilerInvocation::setLangDefaults(Clang->getLangOpts(), IK_C,
| 			T, PO, LangStandard::lang_unspecified);
| 
|   ;
|   return 0;
| }
configure:16879: g++ -c -g -O2 -I/usr/lib/llvm-3.8/include -std=c++0x -fPIC -fvisibility-inlines-hidden -Wall -W -Wno-unused-parameter -Wwrite-strings -Wcast-qual -Wno-missing-field-initializers -pedantic -Wno-long-long -Wno-maybe-uninitialized -Wdelete-non-virtual-dtor -Wno-comment -std=c++11 -ffunction-sections -fdata-sections -O2 -g -DNDEBUG  -fno-exceptions -D_GNU_SOURCE -D__STDC_CONSTANT_MACROS -D__STDC_FORMAT_MACROS -D__STDC_LIMIT_MACROS  conftest.cpp >&5
conftest.cpp: In function 'int main()':
conftest.cpp:50:72: error: no matching function for call to 'clang::CompilerInstance::setInvocation(std::shared_ptr<clang::CompilerInvocation>)'
  Clang->setInvocation(std::make_shared<CompilerInvocation>(*invocation));
                                                                        ^
In file included from conftest.cpp:40:0:
/usr/lib/llvm-3.8/include/clang/Frontend/CompilerInstance.h:233:8: note: candidate: void clang::CompilerInstance::setInvocation(clang::CompilerInvocation*)
   void setInvocation(CompilerInvocation *Value);
        ^
/usr/lib/llvm-3.8/include/clang/Frontend/CompilerInstance.h:233:8: note:   no known conversion for argument 1 from 'std::shared_ptr<clang::CompilerInvocation>' to 'clang::CompilerInvocation*'
configure:16879: $? = 1
configure: failed program was:
| /* confdefs.h */
| #define PACKAGE_NAME "pet"
| #define PACKAGE_TARNAME "pet"
| #define PACKAGE_VERSION "0.11.1"
| #define PACKAGE_STRING "pet 0.11.1"
| #define PACKAGE_BUGREPORT "isl-development@googlegroups.com"
| #define PACKAGE_URL ""
| #define PACKAGE "pet"
| #define VERSION "0.11.1"
| #define STDC_HEADERS 1
| #define HAVE_SYS_TYPES_H 1
| #define HAVE_SYS_STAT_H 1
| #define HAVE_STDLIB_H 1
| #define HAVE_STRING_H 1
| #define HAVE_MEMORY_H 1
| #define HAVE_STRINGS_H 1
| #define HAVE_INTTYPES_H 1
| #define HAVE_STDINT_H 1
| #define HAVE_UNISTD_H 1
| #define HAVE_DLFCN_H 1
| #define LT_OBJDIR ".libs/"
| #define CLANG_PREFIX "/usr/lib/llvm-3.8"
| #define DiagnosticInfo Diagnostic
| #define USE_ARRAYREF /**/
| #define HandleTopLevelDeclReturn bool
| #define HandleTopLevelDeclContinue true
| #define HAVE_BASIC_DIAGNOSTICOPTIONS_H /**/
| #define HAVE_LEX_HEADERSEARCHOPTIONS_H /**/
| #define HAVE_LEX_PREPROCESSOROPTIONS_H /**/
| #define CREATETARGETINFO_TAKES_SHARED_PTR /**/
| #define HAVE_FINDLOCATIONAFTERTOKEN /**/
| #define HAVE_TRANSLATELINECOL /**/
| #define ADDPATH_TAKES_4_ARGUMENTS /**/
| #define CREATEPREPROCESSOR_TAKES_TUKIND /**/
| #define HAVE_DECAYEDTYPE /**/
| #define HAVE_SETMAINFILEID /**/
| #define GETTYPEINFORETURNSTYPEINFO /**/
| /* end confdefs.h.  */
| 
| 	#include <clang/Frontend/CompilerInstance.h>
| 	#include <clang/Frontend/CompilerInvocation.h>
| 
| int
| main ()
| {
| 
| 	using namespace clang;
| 	CompilerInvocation *invocation;
| 	CompilerInstance *Clang;
| 	Clang->setInvocation(std::make_shared<CompilerInvocation>(*invocation));
| 
|   ;
|   return 0;
| }
configure:16896: checking for main in -lclangEdit
configure:16915: gcc -o conftest -g -O2  -L/usr/lib/llvm-3.8/lib   conftest.c -lclangEdit   >&5
configure:16915: $? = 0
configure:16924: result: yes
configure:17023: checking which isl to use
configure:17025: result: bundled
configure:17365: checking which libyaml to use
configure:17367: result: system
configure:17384: checking yaml.h usability
configure:17384: gcc -c -g -O2   conftest.c >&5
configure:17384: $? = 0
configure:17384: result: yes
configure:17384: checking yaml.h presence
configure:17384: gcc -E   conftest.c
configure:17384: $? = 0
configure:17384: result: yes
configure:17384: checking for yaml.h
configure:17384: result: yes
configure:17415: checking our pkgconfig libname
configure:17423: result: pet
configure:17426: checking our pkgconfig version
configure:17434: result: 0.11.1
configure:17437: checking our pkgconfig_libdir
configure:17444: result: ${libdir}/pkgconfig
configure:17447: result: expanded our pkgconfig_libdir... /usr/local/lib/pkgconfig
configure:17451: checking our pkgconfig_libfile
configure:17457: result: pet.pc
configure:17464: checking our package / suffix
configure:17468: result: pet / 
configure:17471: checking our pkgconfig description
configure:17478: result: pet Library
configure:17481: checking our pkgconfig requires
configure:17486: result: 
configure:17489: checking our pkgconfig ext libs
configure:17496: result: -lpet -lisl
configure:17499: checking our pkgconfig cppflags
configure:17504: result: 
configure:17507: checking our pkgconfig ldflags
configure:17512: result: 
configure:17552: result: noninstalled pkgconfig -L /home/rohitagr/pet/.libs
configure:17587: result: noninstalled pkgconfig -I /home/rohitagr/pet/./include
configure:17754: checking that generated files are newer than configure
configure:17760: result: done
configure:17795: creating ./config.status

## ---------------------- ##
## Running config.status. ##
## ---------------------- ##

This file was extended by pet config.status 0.11.1, which was
generated by GNU Autoconf 2.69.  Invocation command line was

  CONFIG_FILES    = 
  CONFIG_HEADERS  = 
  CONFIG_LINKS    = 
  CONFIG_COMMANDS = 
  $ ./config.status 

on LAPTOP-DENBU3N0

config.status:1220: creating Makefile
config.status:1220: creating pet_test.sh
config.status:1220: creating codegen_test.sh
config.status:1220: creating all.c
config.status:1220: creating config.h
config.status:1401: config.h is unchanged
config.status:1449: executing depfiles commands
config.status:1449: executing libtool commands
config.status:1449: executing pet.pc commands
config.status:2268: creating pet.pc.in
config.status:2291: creating pet.pc
config.status:2317: creating pet-uninstalled.pc
config.status:2347: creating pet-uninstalled.sh
configure:20427: === configuring in isl (/home/rohitagr/pet/isl)
configure:20490: running /bin/bash ./configure --disable-option-checking '--prefix=/usr/local'  '--with-clang=system' --cache-file=/dev/null --srcdir=.

## ---------------- ##
## Cache variables. ##
## ---------------- ##

ac_cv_build=x86_64-pc-linux-gnu
ac_cv_c_compiler_gnu=yes
ac_cv_cxx_compiler_gnu=yes
ac_cv_env_CCC_set=
ac_cv_env_CCC_value=
ac_cv_env_CC_set=
ac_cv_env_CC_value=
ac_cv_env_CFLAGS_set=
ac_cv_env_CFLAGS_value=
ac_cv_env_CPPFLAGS_set=
ac_cv_env_CPPFLAGS_value=
ac_cv_env_CPP_set=
ac_cv_env_CPP_value=
ac_cv_env_CXXCPP_set=
ac_cv_env_CXXCPP_value=
ac_cv_env_CXXFLAGS_set=
ac_cv_env_CXXFLAGS_value=
ac_cv_env_CXX_set=
ac_cv_env_CXX_value=
ac_cv_env_ISL_CFLAGS_set=
ac_cv_env_ISL_CFLAGS_value=
ac_cv_env_ISL_LIBS_set=
ac_cv_env_ISL_LIBS_value=
ac_cv_env_LDFLAGS_set=
ac_cv_env_LDFLAGS_value=
ac_cv_env_LIBS_set=
ac_cv_env_LIBS_value=
ac_cv_env_LT_SYS_LIBRARY_PATH_set=
ac_cv_env_LT_SYS_LIBRARY_PATH_value=
ac_cv_env_PKG_CONFIG_LIBDIR_set=
ac_cv_env_PKG_CONFIG_LIBDIR_value=
ac_cv_env_PKG_CONFIG_PATH_set=
ac_cv_env_PKG_CONFIG_PATH_value=
ac_cv_env_PKG_CONFIG_set=
ac_cv_env_PKG_CONFIG_value=
ac_cv_env_build_alias_set=
ac_cv_env_build_alias_value=
ac_cv_env_host_alias_set=
ac_cv_env_host_alias_value=
ac_cv_env_target_alias_set=
ac_cv_env_target_alias_value=
ac_cv_header_clang_Basic_DiagnosticOptions_h=yes
ac_cv_header_clang_Basic_SourceLocation_h=yes
ac_cv_header_clang_Lex_HeaderSearchOptions_h=yes
ac_cv_header_clang_Lex_PreprocessorOptions_h=yes
ac_cv_header_dlfcn_h=yes
ac_cv_header_inttypes_h=yes
ac_cv_header_llvm_ADT_OwningPtr_h=no
ac_cv_header_memory_h=yes
ac_cv_header_stdc=yes
ac_cv_header_stdint_h=yes
ac_cv_header_stdlib_h=yes
ac_cv_header_string_h=yes
ac_cv_header_strings_h=yes
ac_cv_header_sys_stat_h=yes
ac_cv_header_sys_types_h=yes
ac_cv_header_unistd_h=yes
ac_cv_header_yaml_h=yes
ac_cv_host=x86_64-pc-linux-gnu
ac_cv_lib_LLVM_3_8_0___main=yes
ac_cv_lib_clangEdit_main=yes
ac_cv_objext=o
ac_cv_path_EGREP='/bin/grep -E'
ac_cv_path_FGREP='/bin/grep -F'
ac_cv_path_GREP=/bin/grep
ac_cv_path_SED=/bin/sed
ac_cv_path_install='/usr/bin/install -c'
ac_cv_path_lt_DD=/bin/dd
ac_cv_path_mkdir=/bin/mkdir
ac_cv_prog_AWK=gawk
ac_cv_prog_CPP='gcc -E'
ac_cv_prog_CXXCPP='g++ -E'
ac_cv_prog_ac_ct_AR=ar
ac_cv_prog_ac_ct_CC=gcc
ac_cv_prog_ac_ct_CXX=g++
ac_cv_prog_ac_ct_MANIFEST_TOOL=mt
ac_cv_prog_ac_ct_OBJDUMP=objdump
ac_cv_prog_ac_ct_RANLIB=ranlib
ac_cv_prog_ac_ct_STRIP=strip
ac_cv_prog_cc_c89=
ac_cv_prog_cc_g=yes
ac_cv_prog_cxx_g=yes
ac_cv_prog_llvm_config_found=yes
ac_cv_prog_make_make_set=yes
am_cv_CC_dependencies_compiler_type=gcc3
am_cv_CXX_dependencies_compiler_type=gcc3
am_cv_make_support_nested_variables=yes
am_cv_prog_cc_c_o=yes
lt_cv_ar_at_file=@
lt_cv_archive_cmds_need_lc=no
lt_cv_deplibs_check_method=pass_all
lt_cv_file_magic_cmd='$MAGIC_CMD'
lt_cv_file_magic_test_file=
lt_cv_ld_reload_flag=-r
lt_cv_nm_interface='BSD nm'
lt_cv_objdir=.libs
lt_cv_path_LD=/usr/bin/ld
lt_cv_path_LDCXX='/usr/bin/ld -m elf_x86_64'
lt_cv_path_NM='/usr/bin/nm -B'
lt_cv_path_mainfest_tool=no
lt_cv_prog_compiler_c_o=yes
lt_cv_prog_compiler_c_o_CXX=yes
lt_cv_prog_compiler_pic='-fPIC -DPIC'
lt_cv_prog_compiler_pic_CXX='-fPIC -DPIC'
lt_cv_prog_compiler_pic_works=yes
lt_cv_prog_compiler_pic_works_CXX=yes
lt_cv_prog_compiler_rtti_exceptions=no
lt_cv_prog_compiler_static_works=yes
lt_cv_prog_compiler_static_works_CXX=yes
lt_cv_prog_gnu_ld=yes
lt_cv_prog_gnu_ldcxx=yes
lt_cv_sharedlib_from_linklib_cmd='printf %s\n'
lt_cv_shlibpath_overrides_runpath=no
lt_cv_sys_global_symbol_pipe='sed -n -e '\''s/^.*[	 ]\([ABCDGIRSTW][ABCDGIRSTW]*\)[	 ][	 ]*\([_A-Za-z][_A-Za-z0-9]*\)$/\1 \2 \2/p'\'' | sed '\''/ __gnu_lto/d'\'''
lt_cv_sys_global_symbol_to_c_name_address='sed -n -e '\''s/^: \(.*\) .*$/  {"\1", (void *) 0},/p'\'' -e '\''s/^[ABCDGIRSTW][ABCDGIRSTW]* .* \(.*\)$/  {"\1", (void *) \&\1},/p'\'''
lt_cv_sys_global_symbol_to_c_name_address_lib_prefix='sed -n -e '\''s/^: \(.*\) .*$/  {"\1", (void *) 0},/p'\'' -e '\''s/^[ABCDGIRSTW][ABCDGIRSTW]* .* \(lib.*\)$/  {"\1", (void *) \&\1},/p'\'' -e '\''s/^[ABCDGIRSTW][ABCDGIRSTW]* .* \(.*\)$/  {"lib\1", (void *) \&\1},/p'\'''
lt_cv_sys_global_symbol_to_cdecl='sed -n -e '\''s/^T .* \(.*\)$/extern int \1();/p'\'' -e '\''s/^[ABCDGIRSTW][ABCDGIRSTW]* .* \(.*\)$/extern char \1;/p'\'''
lt_cv_sys_global_symbol_to_import=
lt_cv_sys_max_cmd_len=1572864
lt_cv_to_host_file_cmd=func_convert_file_noop
lt_cv_to_tool_file_cmd=func_convert_file_noop
lt_cv_truncate_bin='/bin/dd bs=4096 count=1'

## ----------------- ##
## Output variables. ##
## ----------------- ##

ACLOCAL='${SHELL} /home/rohitagr/pet/build-aux/missing aclocal-1.15'
AMDEPBACKSLASH='\'
AMDEP_FALSE='#'
AMDEP_TRUE=''
AMTAR='$${TAR-tar}'
AM_BACKSLASH='\'
AM_DEFAULT_V='$(AM_DEFAULT_VERBOSITY)'
AM_DEFAULT_VERBOSITY='0'
AM_V='$(V)'
AR='ar'
AUTOCONF='${SHELL} /home/rohitagr/pet/build-aux/missing autoconf'
AUTOHEADER='${SHELL} /home/rohitagr/pet/build-aux/missing autoheader'
AUTOMAKE='${SHELL} /home/rohitagr/pet/build-aux/missing automake-1.15'
AWK='gawk'
BUNDLED_ISL_FALSE='#'
BUNDLED_ISL_TRUE=''
CC='gcc'
CCDEPMODE='depmode=gcc3'
CFLAGS='-g -O2'
CLANG_CXXFLAGS='-I/usr/lib/llvm-3.8/include -std=c++0x -fPIC -fvisibility-inlines-hidden -Wall -W -Wno-unused-parameter -Wwrite-strings -Wcast-qual -Wno-missing-field-initializers -pedantic -Wno-long-long -Wno-maybe-uninitialized -Wdelete-non-virtual-dtor -Wno-comment -std=c++11 -ffunction-sections -fdata-sections -O2 -g -DNDEBUG  -fno-exceptions -D_GNU_SOURCE -D__STDC_CONSTANT_MACROS -D__STDC_FORMAT_MACROS -D__STDC_LIMIT_MACROS'
CLANG_LDFLAGS='-L/usr/lib/llvm-3.8/lib '
CLANG_LIBS='-lLLVM-3.8.0 -lrt -ldl -ltinfo -lpthread -lz -lm'
CLANG_RFLAG='-R/usr/lib/llvm-3.8/lib '
CPP='gcc -E'
CPPFLAGS=''
CXX='g++'
CXXCPP='g++ -E'
CXXDEPMODE='depmode=gcc3'
CXXFLAGS='-g -O2'
CYGPATH_W='echo'
DEFS='-DHAVE_CONFIG_H'
DEPDIR='.deps'
DLLTOOL='false'
DSYMUTIL=''
DUMPBIN=''
ECHO_C=''
ECHO_N='-n'
ECHO_T=''
EGREP='/bin/grep -E'
EXEEXT=''
FGREP='/bin/grep -F'
GIT_HEAD='./.git/index'
GIT_HEAD_ID='pet-0.11.1-6-gd378c2b'
GIT_HEAD_VERSION='`GIT_DIR=./.git git describe --always`'
GREP='/bin/grep'
HAVE_ISL_BUILDDIR_FALSE='#'
HAVE_ISL_BUILDDIR_TRUE=''
INSTALL_DATA='${INSTALL} -m 644'
INSTALL_PROGRAM='${INSTALL}'
INSTALL_SCRIPT='${INSTALL}'
INSTALL_STRIP_PROGRAM='$(install_sh) -c -s'
ISL_BUILDDIR='isl'
ISL_CFLAGS='-I$(top_srcdir)/isl/include -I$(top_builddir)/isl/include'
ISL_LIBS=''
ISL_SRCDIR='./isl'
LD='/usr/bin/ld -m elf_x86_64'
LDFLAGS=''
LIBOBJS=''
LIBS=''
LIBTOOL='$(SHELL) $(top_builddir)/libtool'
LIBYAML_CPPFLAGS=''
LIBYAML_LDFLAGS=''
LIB_CLANG_EDIT='-lclangEdit'
LIPO=''
LN_S='ln -s'
LTLIBOBJS=''
LT_SYS_LIBRARY_PATH=''
MAKEINFO='${SHELL} /home/rohitagr/pet/build-aux/missing makeinfo'
MANIFEST_TOOL=':'
MKDIR_P='/bin/mkdir -p'
NM='/usr/bin/nm -B'
NMEDIT=''
OBJDUMP='objdump'
OBJEXT='o'
OTOOL64=''
OTOOL=''
PACKAGE='pet'
PACKAGE_BUGREPORT='isl-development@googlegroups.com'
PACKAGE_NAME='pet'
PACKAGE_STRING='pet 0.11.1'
PACKAGE_TARNAME='pet'
PACKAGE_URL=''
PACKAGE_VERSION='0.11.1'
PATH_SEPARATOR=':'
PKG_CONFIG=''
PKG_CONFIG_LIBDIR=''
PKG_CONFIG_PATH=''
RANLIB='ranlib'
SED='/bin/sed'
SET_MAKE=''
SHELL='/bin/bash'
STRIP='strip'
VERSION='0.11.1'
ac_ct_AR='ar'
ac_ct_CC='gcc'
ac_ct_CXX='g++'
ac_ct_DUMPBIN=''
am__EXEEXT_FALSE=''
am__EXEEXT_TRUE='#'
am__fastdepCC_FALSE='#'
am__fastdepCC_TRUE=''
am__fastdepCXX_FALSE='#'
am__fastdepCXX_TRUE=''
am__include='include'
am__isrc=''
am__leading_dot='.'
am__nodep='_no'
am__quote=''
am__tar='$${TAR-tar} chof - "$$tardir"'
am__untar='$${TAR-tar} xf -'
bindir='${exec_prefix}/bin'
build='x86_64-pc-linux-gnu'
build_alias=''
build_cpu='x86_64'
build_os='linux-gnu'
build_vendor='pc'
datadir='${datarootdir}'
datarootdir='${prefix}/share'
docdir='${datarootdir}/doc/${PACKAGE_TARNAME}'
dvidir='${docdir}'
exec_prefix='${prefix}'
extra_bin_programs='pet'
extra_noinst_programs='pet_scop_cmp'
extra_tests='pet_test.sh codegen_test.sh'
host='x86_64-pc-linux-gnu'
host_alias=''
host_cpu='x86_64'
host_os='linux-gnu'
host_vendor='pc'
htmldir='${docdir}'
includedir='${prefix}/include'
infodir='${datarootdir}/info'
install_sh='${SHELL} /home/rohitagr/pet/build-aux/install-sh'
libdir='${exec_prefix}/lib'
libexecdir='${exec_prefix}/libexec'
llvm_config_found='yes'
localedir='${datarootdir}/locale'
localstatedir='${prefix}/var'
mandir='${datarootdir}/man'
mkdir_p='$(MKDIR_P)'
oldincludedir='/usr/include'
pdfdir='${docdir}'
pkgconfig_libdir='${libdir}/pkgconfig'
pkgconfig_libfile='pet.pc'
prefix='/usr/local'
program_transform_name='s,x,x,'
psdir='${docdir}'
runstatedir='${localstatedir}/run'
sbindir='${exec_prefix}/sbin'
sharedstatedir='${prefix}/com'
subdirs=' isl'
sysconfdir='${prefix}/etc'
target_alias=''
versioninfo='10:1:0'

## ----------- ##
## confdefs.h. ##
## ----------- ##

/* confdefs.h */
#define PACKAGE_NAME "pet"
#define PACKAGE_TARNAME "pet"
#define PACKAGE_VERSION "0.11.1"
#define PACKAGE_STRING "pet 0.11.1"
#define PACKAGE_BUGREPORT "isl-development@googlegroups.com"
#define PACKAGE_URL ""
#define PACKAGE "pet"
#define VERSION "0.11.1"
#define STDC_HEADERS 1
#define HAVE_SYS_TYPES_H 1
#define HAVE_SYS_STAT_H 1
#define HAVE_STDLIB_H 1
#define HAVE_STRING_H 1
#define HAVE_MEMORY_H 1
#define HAVE_STRINGS_H 1
#define HAVE_INTTYPES_H 1
#define HAVE_STDINT_H 1
#define HAVE_UNISTD_H 1
#define HAVE_DLFCN_H 1
#define LT_OBJDIR ".libs/"
#define CLANG_PREFIX "/usr/lib/llvm-3.8"
#define DiagnosticInfo Diagnostic
#define USE_ARRAYREF /**/
#define HandleTopLevelDeclReturn bool
#define HandleTopLevelDeclContinue true
#define HAVE_BASIC_DIAGNOSTICOPTIONS_H /**/
#define HAVE_LEX_HEADERSEARCHOPTIONS_H /**/
#define HAVE_LEX_PREPROCESSOROPTIONS_H /**/
#define CREATETARGETINFO_TAKES_SHARED_PTR /**/
#define HAVE_FINDLOCATIONAFTERTOKEN /**/
#define HAVE_TRANSLATELINECOL /**/
#define ADDPATH_TAKES_4_ARGUMENTS /**/
#define CREATEPREPROCESSOR_TAKES_TUKIND /**/
#define HAVE_DECAYEDTYPE /**/
#define HAVE_SETMAINFILEID /**/
#define GETTYPEINFORETURNSTYPEINFO /**/

configure: exit 0

## ---------------------- ##
## Running config.status. ##
## ---------------------- ##

This file was extended by pet config.status 0.11.1, which was
generated by GNU Autoconf 2.69.  Invocation command line was

  CONFIG_FILES    = 
  CONFIG_HEADERS  = 
  CONFIG_LINKS    = 
  CONFIG_COMMANDS = 
  $ ./config.status 

on LAPTOP-DENBU3N0

config.status:1220: creating Makefile
config.status:1220: creating pet_test.sh
config.status:1220: creating codegen_test.sh
config.status:1220: creating all.c
config.status:1220: creating config.h
config.status:1401: config.h is unchanged
config.status:1449: executing depfiles commands
config.status:1449: executing libtool commands
config.status:1449: executing pet.pc commands
config.status:2268: creating pet.pc.in
config.status:2291: creating pet.pc
config.status:2317: creating pet-uninstalled.pc
config.status:2347: creating pet-uninstalled.sh
